<?xml version="1.0" encoding="UTF-8"?>
<!-- Generated by org.testng.reporters.JUnitXMLReporter -->
<testsuite ignored="0" hostname="DESKTOP-4V5MUAL" failures="0" tests="5" name="Default test" time="60.118" errors="0" timestamp="2023-04-11T17:06:03 IST">
  <testcase classname="testSuites.TestCases" name="hospitalNames" time="18.314"/>
  <testcase classname="testSuites.TestCases" name="TopCities" time="6.337"/>
  <testcase classname="testSuites.TestCases" name="corporateWellness" time="27.549"/>
  <testcase classname="testSuites.TestCases" name="verifyCookiesHandle" time="1.44"/>
  <testcase classname="testSuites.TestCases" name="verifyMouseHover" time="1.358"/>
</testsuite> <!-- Default test -->
