<?xml version="1.0" encoding="UTF-8"?>
<testng-results ignored="0" total="5" passed="5" failed="0" skipped="0">
  <reporter-output>
  </reporter-output>
  <suite started-at="2023-04-11T17:05:03 IST" name="Default suite" finished-at="2023-04-11T17:06:03 IST" duration-ms="60118">
    <groups>
    </groups>
    <test started-at="2023-04-11T17:05:03 IST" name="Default test" finished-at="2023-04-11T17:06:03 IST" duration-ms="60118">
      <class name="testSuites.TestCases">
        <test-method is-config="true" signature="invokeBrowser()[pri:0, instance:testSuites.TestCases@1169afe1]" started-at="2023-04-11T17:05:03 IST" name="invokeBrowser" finished-at="2023-04-11T17:05:06 IST" duration-ms="3727" status="PASS">
          <reporter-output>
          </reporter-output>
        </test-method> <!-- invokeBrowser -->
        <test-method signature="hospitalNames()[pri:1, instance:testSuites.TestCases@1169afe1]" started-at="2023-04-11T17:05:07 IST" name="hospitalNames" finished-at="2023-04-11T17:05:25 IST" duration-ms="18314" status="PASS">
          <reporter-output>
          </reporter-output>
        </test-method> <!-- hospitalNames -->
        <test-method signature="TopCities()[pri:2, instance:testSuites.TestCases@1169afe1]" started-at="2023-04-11T17:05:25 IST" name="TopCities" finished-at="2023-04-11T17:05:31 IST" duration-ms="6337" status="PASS">
          <reporter-output>
          </reporter-output>
        </test-method> <!-- TopCities -->
        <test-method signature="corporateWellness()[pri:3, instance:testSuites.TestCases@1169afe1]" started-at="2023-04-11T17:05:31 IST" name="corporateWellness" finished-at="2023-04-11T17:05:59 IST" duration-ms="27549" status="PASS">
          <reporter-output>
          </reporter-output>
        </test-method> <!-- corporateWellness -->
        <test-method signature="verifyCookiesHandle()[pri:4, instance:testSuites.TestCases@1169afe1]" started-at="2023-04-11T17:05:59 IST" name="verifyCookiesHandle" finished-at="2023-04-11T17:06:00 IST" duration-ms="1440" status="PASS">
          <reporter-output>
          </reporter-output>
        </test-method> <!-- verifyCookiesHandle -->
        <test-method signature="verifyMouseHover()[pri:5, instance:testSuites.TestCases@1169afe1]" started-at="2023-04-11T17:06:00 IST" name="verifyMouseHover" finished-at="2023-04-11T17:06:02 IST" duration-ms="1358" status="PASS">
          <reporter-output>
          </reporter-output>
        </test-method> <!-- verifyMouseHover -->
        <test-method is-config="true" signature="closeBrowser()[pri:0, instance:testSuites.TestCases@1169afe1]" started-at="2023-04-11T17:06:02 IST" name="closeBrowser" finished-at="2023-04-11T17:06:03 IST" duration-ms="1293" status="PASS">
          <reporter-output>
          </reporter-output>
        </test-method> <!-- closeBrowser -->
      </class> <!-- testSuites.TestCases -->
    </test> <!-- Default test -->
  </suite> <!-- Default suite -->
</testng-results>
